Arguments: 
  /Users/taqtile/.nvm/versions/node/v12.17.0/bin/node /usr/local/Cellar/yarn/1.22.10/libexec/bin/yarn.js init

PATH: 
  /Users/taqtile/.rvm/gems/ruby-2.7.0/bin:/Users/taqtile/.rvm/gems/ruby-2.7.0@global/bin:/Users/taqtile/.rvm/rubies/ruby-2.7.0/bin:/Users/taqtile/google-cloud-sdk/bin:/Users/taqtile/.nvm/versions/node/v12.17.0/bin:/usr/local/bin:/usr/bin:/bin:/usr/sbin:/sbin:/Library/Apple/usr/bin:/Users/taqtile/.rvm/gems/ruby-2.7.0/bin:/Users/taqtile/.rvm/gems/ruby-2.7.0@global/bin:/Users/taqtile/.rvm/rubies/ruby-2.7.0/bin:/Users/taqtile/google-cloud-sdk/bin:/Users/taqtile/.nvm/versions/node/v12.17.0/bin:/Users/taqtile/Library/Android/sdk/emulator:/Users/taqtile/Library/Android/sdk/tools:/Users/taqtile/Library/Android/sdk/tools/bin:/Users/taqtile/Library/Android/sdk/platform-tools:/Users/taqtile/.rvm/bin:/Users/taqtile/Library/Android/sdk/emulator:/Users/taqtile/Library/Android/sdk/tools:/Users/taqtile/Library/Android/sdk/tools/bin:/Users/taqtile/Library/Android/sdk/platform-tools:/Users/taqtile/.rvm/bin

Yarn version: 
  1.22.10

Node version: 
  12.17.0

Platform: 
  darwin x64

Trace: 
  Error: canceled
      at Interface.<anonymous> (/usr/local/Cellar/yarn/1.22.10/libexec/lib/cli.js:137009:13)
      at Interface.emit (events.js:315:20)
      at Interface._ttyWrite (readline.js:866:16)
      at ReadStream.onkeypress (readline.js:205:10)
      at ReadStream.emit (events.js:315:20)
      at emitKeys (internal/readline/utils.js:335:14)
      at emitKeys.next (<anonymous>)
      at ReadStream.onData (readline.js:1133:36)
      at ReadStream.emit (events.js:315:20)
      at addChunk (_stream_readable.js:295:12)

npm manifest: 
  No manifest

yarn manifest: 
  No manifest

Lockfile: 
  # THIS IS AN AUTOGENERATED FILE. DO NOT EDIT THIS FILE DIRECTLY.
  # yarn lockfile v1
